41878184
41924808
41859219
41930750
41840151
41861279
41828503
41828503
41895195
41833109
41873914
41901135
41859835
41834394
41890358
41828503
41828503
41864964
41897993
41874493
41875984
41828503
41874614
41936130
41992669
41922032
41828503
41857233
41863105
41831669
42022459
41867529
41873499
41831452
41845909
41852971
41828503
41860240
41828503
41879806
41828503
41904373
41831827
41855042
41908947
41896169
41886916
41911349
41886251
41833421
41915165
41888016
41924191
41828503
41894144
41828503
41828503
42031343
41899367
41909441
41828503
41856168
41952662
41927217
41840628
41828503
41828503
41882561
41849043
41828503
41828503
41907864
41885422
41828503
41865356
41892735
41910328
41876114
41839499
41857643
41874163
41877367
41850347
41892427
41867224
41828503
41875991
41889173
41828503
41866846
41828503
41896903
41833302
41900028
41877455
41863456
41828503
41857138
41828503
41864708
41828503
41828503
41840651
41859415
41844359
41855316
41831102
41836144
41828503
41908996
41828503
41952583
41850001
41919759
41873710
41839602
41831413
41870840
41903458
42000283
41828503
41828503
41874493
41828503
41918547
41833010
41828503
41830274
41959470
41855327
41839602
41828503
41828503
41859223
41828503
41884090
41828503
41834394
41923613
41841406
41876503
41892153
41862814
41931510
41899737
41870974
41971604
41950787
41828503
41917031
41873469
41828503
41828503
41828503
41984187
41842955
41852199
41869212
41870198
41924351
41876376
41951855
41832711
41831622
41828503
41850247
41910138
41869193
41867471
41828503
41892475
41850247
41849490
41893062
41892086
41831413
41927665
41930286
41875984
41828503
41828503
41864708
41839405
41828503
41840223
41902444
41849635
41944929
41859657
41935795
41828503
41828503
41841414
41914619
41828503
41883066
41983768
41978780
41837775
41865078
41828503
41828503
41875984
41907583
42044329
41907818
41887898
41828503
41830218
41854049
41828503
41868126
41927847
41840529
41863826
41852540
41828503
41828503
41886891
41886782
41891991
41883516
41907446
41828503
41855316
41914906
41949942
41920093
41828503
41828503
41907370
41828503
41932587
41828503
41828503
41851432
41881225
41888521
41839405
41862683
41833379
41839756
41848765
41828503
41869193
41972723
41870646
41870974
41828503
41900206
41828503
41944086
41932064
41828503
41852776
41856085
41828503
41878534
41917648
41828774
41828503
41828503
41828503
41853498
41914548
41834384
41870883
41896480
41828503
41849043
41838358
41869637
41859415
41833997
41841351
41910966
42007188
41914548
41904538
41828503
41837212
41828503
41828503
41965965
41828503
41856784
41884411
41828503
41864736
41918074
41902049
41858851
41941573
41861858
41883516
41879242
41833276
41842416
41856017
41870198
41940126
41828503
41830274
41849349
41828503
41828503
41828503
41855316
41828503
41917338
41882456
41828503
41852199
41898480
41859478
41833379
41828503
41828503
41897941
41868512
41828503
41916678
41889536
41869637
41881234
41832682
41849043
41852970
41957582
41946587
41861960
41828503
41944901
41903037
41828503
41961105
41828503
41904036
41841409
41863000
41837365
41871822
41864472
41862716
41885509
41828503
41910300
41828503
41860915
41898847
41828503
41877455
41828503
41873702
41909041
42048040
41828503
41945495
41968696
41928185
41955584
41897190
41885906
41830151
42011848
41906878
41828503
41867735
41945307
42026909
41906064
42009468
41933995
41939885
41842680
41899440
41844379
41939560
41861016
41983745
41961974
41852680
41861974
41837868
41828503
41828503
41828503
41858866
41868636
41958051
41950051
41964893
41884609
41866230
41871254
41828503
41848849
41828503
41861381
41828503
41828503
41878028
41908841
41828503
41847283
41893545
41837365
41939444
41837930
41873710
41893097
41919245
41868511
41836052
41828503
41879005
41944929
41933389
41956475
41896566
41845369
41903954
41854015
41883504
41949662
41885979
41828503
41828503
41828503
41835165
41849187
41891729
41828503
41868065
41828503
41948005
41874155
41830218
41828503
41828503
41900449
41828503
41851075
41847868
41828503
41858866
41828503
41869637
41923777
41991454
41870741
41830406
41906436
41976853
41854412
41857134
41828503
41828503
41922900
41876112
41882825
41851075
41886543
41828503
41837141
41960635
41837141
41828503
41828503
41828503
41960164
41927240
41851075
41828503
41941036
41936720
41895841
41930138
41900658
41831622
41972534
41828503
41828503
41828503
41836524
41848512
41833997
41851724
41924652
41853786
41991698
41852595
41877455
41864404
41873096
41854850
41901177
41878812
41833997
41836812
41830274
41828503
41906856
41847228
41832682
41919161
41883066
41828503
41828503
41828503
41889377
41865383
41831413
41855782
41905353
41904856
41828503
41988705
41910975
41828503
41831738
41841303
41918406
41848893
41908896
41860768
41886916
41828503
41828774
41833276
41831323
41909621
41828503
41898270
41898884
41870468
41898884
41882767
41967739
41866275
41828503
41844379
41831102
41941357
41924622
41893754
41942849
41828503
41927317
41870840
41828503
41897420
41852810
41828503
41854523
41904565
41828503
41828503
41964082
41831413
41926358
41828503
41855289
41896553
41828503
41828503
41933357
41899440
41900823
41828503
42018824
41880798
41898454
41904538
41860240
41828503
41956012
41888061
41913168
41857489
41839016
41843546
41981928
41876729
41828503
41828503
41845296
41828503
41889795
41828503
41828503
41892448
41828503
41828503
41834394
41828503
41973444
41828503
41910300
41854523
41828503
41858379
41828503
41841828
41855907
41829997
41828503
41828523
41828503
41891202
41905030
41851565
41940445
41936243
41864432
41828884
41828503
41828503
41928804
41836014
41828503
41898913
41855316
41828503
41830151
41851267
41859949
41893735
41883066
41869637
41842145
41930378
41859072
41828503
41886732
41838392
41992185
41866060
41853226
41856168
41884072
41848893
41828503
41829545
41870219
41874155
41869637
41992850
41828774
41841409
41934311
41828503
41832318
41842955
41882904
41922225
41828503
41828503
41839016
41855327
41880184
41887744
41969220
41828503
41908123
41842307
41842145
41868112
41837798
41850849
41855327
41865992
41828503
41888940
41828503
41828503
41868277
41968063
41933596
41831102
41828503
41834384
41828503
41888667
41923169
41932356
41848765
41858080
41828503
41828503
41874975
41872485
41899440
41828503
41831413
41956181
41895645
41828503
41862683
41828503
41869698
41870646
41828503
41841351
41828503
41848826
41828503
41883516
41938181
41997580
41885979
41828503
41828503
41875233
41868786
41828503
41906878
41839405
41853095
41976052
41841199
41855890
41905030
41828503
41828503
41893735
41844359
41909516
41914603
41906909
41899340
41863826
41828503
41875632
41924004
41840151
41885906
41882767
41828503
41879038
41828503
41908460
41858866
41836524
41828503
41868277
41899340
41864708
41873418
41945356
41864736
41884174
41905228
41884174
41870298
41851565
41828503
41841351
41892428
41923253
41867865
41902196
41944086
41828503
41879242
41843389
41852595
41876114
41828503
41894144
41832673
41828503
41864897
41828503
41914175
41828503
41828503
41895594
41839756
41852680
41828503
41828503
41828503
41837741
41886693
41847769
41903030
42032839
41905030
41932954
41937360
41840415
41867953
41852970
41879274
41875022
41840731
41828503
41844744
41959436
41917844
41907125
41828503
41957136
41860768
41877826
41844520
41894877
41837741
41951213
41901177
41854294
41828503
41946124
41828503
42004510
41907878
41909723
41957350
41892928
41828503
41873017
41828503
41836524
41925558
41902035
41828503
41925052
41950734
41968124
41828503
41951213
41839443
41878947
41941400
41831570
41891868
41883083
41959470
41850001
41900753
41863105
41844985
41830147
41862169
41859017
41910300
41892735
41882115
41947684
41844826
41871726
41917467
41828503
41828503
41874747
41892475
41835226
41828503
41902342
41828503
41847769
41854294
41828503
41830151
41828503
41890680
41828503
41837141
41880184
41873407
41828503
41828503
41828503
41968289
41912203
41828503
41996480
41955242
41886741
41956740
41889384
41874163
41874138
41893796
41831622
41828503
41849223
41875450
41935796
41906964
41898310
41830571
41873407
41828503
41828503
41828503
41880146
41828503
41831452
41888667
41832318
41880506
41847215
41941464
41828503
41828503
41849043
41974790
41828503
41907297
41914880
41908025
41925660
41828503
41828503
41944647
41855172
41883000
41884622
41828503
41828622
41889795
41860787
41855327
41949107
41867711
41828503
41930566
41853489
41828503
41986735
41872531
41843951
41879368
41859657
41828503
41828503
42000789
41860240
41939641
41847866
41828503
41899658
41957058
41936995
41828503
41987279
41980840
41915179
41917007
41935986
41922316
41866511
41898349
41904673
41909739
41881197
41911457
41894924
41886750
41844747
41828503
41854184
41856243
41971795
41908430
41931086
41842636
41855897
41864234
42001165
41908025
41844359
42038315
41836812
41828503
41893292
41907713
41856784
41877695
41828503
41857854
41854412
41884718
41837141
41892475
41828503
41870224
41836545
41896755
41861960
41847791
41862683
41874415
41873407
41920068
41868097
41829545
41828503
41924622
41839602
41828503
41883873
41831520
41912042
41956181
41933176
41946976
41892567
41828503
41887036
41828503
41856520
41909928
41860768
41828503
41828503
41835097
41891032
41858511
41828503
41880781
41915838
41897397
41838392
41828503
41854523
41859218
41884076
41905584
41828503
41961304
41955567
41925199
41925864
41860866
41908223
41864708
41889533
41860112
41828503
41828503
41914629
41914063
41893754
41931885
41828503
41906240
41837597
41837798
41857273
41902444
41864708
41837141
41834421
41896092
41875339
41828503
41922662
41859690
41893322
41862528
41828503
41828503
41840628
41828503
41840415
41841199
41911716
41936837
41878812
41828503
41848976
41869637
41850849
41836812
41836812
41868996
41852680
41838358
41828503
41828503
41948142
41946382
41828503
41924191
41901338
41941357
41828503
41828503
41831413
41892895
41861960
41828503
41923144
41843546
41887086
41878179
41869159
41838392
41854015
41870298
41869398
41834721
41913808
41843696
41870741
41854294
41894473
41831413
41914997
41935774
41828503
41909739
41872993
41854184
41911134
41839074
41858597
41886133
41854523
41828503
41828503
41910955
41846579
41952072
41908919
41902184
41838194
41828503
41828503
41828503
41828503
41828503
41880691
41890165
41891387
41831062
41828503
41864720
41847215
41866372
41828503
41828503
41840397
41883481
41870619
41911254
41881197
41828503
41832883
42032130
41828503
41902196
41902406
41896538
41911457
41916127
41855890
41839756
41828503
41839074
41828503
41850247
41992358
41852519
41831570
41844747
41831435
41998436
41874975
41828503
41899900
41887302
41828503
41847215
41834384
41869471
41843035
41828503
41883511
41845192
41883197
41937386
41843416
41873720
41966258
41859859
41924622
41897420
41840402
41871981
41828503
41840047
41828503
41871861
41927923
41961105
41864234
41828503
41829316
41885906
41866369
41890358
41828503
41893768
41886137
41881749
41873174
41888846
41888237
41828622
41882733
41828503
41828503
41934475
41922994
41923144
41828503
41828503
41860915
41893735
41863826
41945819
41907958
41852147
41854523
41908369
41859415
41882494
41840624
41828503
41828503
41838392
41836276
41865844
41837078
41938524
41906397
41850247
41828503
41840415
41870668
41831570
41828503
41907738
41850849
42004411
41891113
41874509
41828503
41828503
41869587
41939365
41828503
41861960
41989758
41889795
41828503
41828503
41840731
41828503
41854412
41831452
41994277
41862814
41841414
41828503
41839602
41898426
41896903
41850390
42028449
41922000
41918010
41929902
41873017
41998406
41836369
41828503
41890165
41866802
41869637
41854637
41836524
41828503
41828503
41849280
41859657
41849184
41973267
41860787
41828503
41873438
41889202
41833010
41840779
41828503
41984349
41885442
41836149
41919850
41892503
41903247
41831827
41828503
41828503
41836812
41877327
41828503
41839756
41828503
41973267
41833828
41939777
41894893
41841414
41870219
41938404
41836276
41857854
41859864
41939095
41887744
41871242
41828503
41869169
41859415
41879448
41828503
41959113
41846777
41975093
41869123
41828503
41935105
41850390
42006515
41919571
41831323
41828503
41828503
41965035
41940417
41828503
41854184
41849346
41850390
41882488
41852199
41828503
41875823
41909739
41874867
41872614
41914410
41884527
41828503
41828503
41828503
41834421
41849346
41867865
41828503
41914059
41875339
41865574
41828503
41828503
41846579
41828503
41890884
41828503
41828503
41950487
41942399
41946325
41875127
41854850
41828503
41868561
41933596
41895902
41839385
41862814
41839756
41940464
41832883
41828503
41845610
41841414
41843533
41829545
41845647
41828503
41853395
41828503
41893062
41945297
41828653
41931912
41866275
41828503
41836812
41870219
41868154
41867137
41830274
41989569
41866827
41848765
41883630
41840151
41881414
41839853
41828503
41828503
41828503
41828503
41864432
41940463
41828503
41844359
41929518
41869868
41828503
41897854
41883321
41998163
41930675
41930934
41868786
41913583
41905921
41884609
41883720
41859086
41993018
41877593
41960058
42023569
41878988
41828503
41894109
41878218
41951493
41853178
41843416
41869637
41828503
41828503
41914804
41835592
41891524
41858194
41898349
41907446
41910283
41917530
41828503
41828503
41828503
41908622
41959470
41932216
41895675
41903052
41847228
41935444
41871590
41828503
41869714
41835330
41828503
41880974
41925458
41837027
41892139
41828503
41843247
41921742
41828503
41866523
41828503
41892567
41829997
41828622
41840279
41920646
41885906
41888928
41831435
41828503
41828503
41885022
41828503
41896553
41960892
41868065
41859478
41854523
41828660
41828503
41882561
41855316
41828503
41844547
41899340
41828503
41864404
41857343
41853279
41861280
41895645
41831570
41828503
41828503
41828503
41912685
41869637
41973327
41839405
41864848
41828503
41862683
41883423
41865383
41899340
41888036
41845020
41893545
41836812
41828503
41828503
41854184
41828503
41921689
41847425
41828503
41881234
41856307
41828503
41870619
41828503
41891326
41828503
41885854
41859859
41880699
41907125
41840628
41828503
41857854
41886251
41899976
41895399
41834384
41891387
41890680
41837798
41857273
41828503
41855080
41884174
41866827
41841447
41871880
41924925
41828503
41828503
41828503
41844088
41836411
41828503
41873418
41896566
41857767
41906106
41842680
41869208
41851192
41841409
41883511
41828503
41875567
41874509
41828503
41926152
41830218
41828503
41940773
41869212
41828503
41890031
41839298
41839756
41828503
41957874
41842636
42001313
41921944
41857566
41874975
41828503
41828503
41865015
41875450
41892086
41896566
41838392
41828503
41951213
41874163
41886267
41892527
41883962
41872868
41828503
41867528
41983302
41938135
41900028
41853324
41859876
41850247
41861968
41884072
41941788
41926969
41889173
41843282
41888177
41828503
41855327
41828503
41951730
41828503
41881474
41843636
41975528
41958703
41883826
41891011
41860758
41910227
41828503
41906436
41828503
41899440
41885906
41830712
41828503
41828503
41906064
41850849
41907214
41899014
41866008
41913851
41895116
41947722
41914708
41828503
41842145
41907125
41879775
41828503
41859657
41925458
41866275
41828503
41828503
-1
41918776
41834481
41879057
41881813
41883962
41828503
41828503
41841406
41991698
41842958
41904333
41828503
41901177
41828503
41828503
41828503
41832812
41828503
41840548
41836276
41900770
41868207
41841204
41868289
41828503
41837825
41948095
41828503
41868824
41896455
41909827
41850178
41830147
41845810
41901309
41891729
41881197
41947221
41902196
41980359
41872064
41853279
41828503
41892448
41831669
41895645
41868065
41866210
41894006
41941479
41835742
41898638
41828503
41843006
41893545
41861960
41828503
41860915
41882875
41841486
41940885
41878947
41839016
41859721
41852971
41912527
41828503
41865383
41881960
41891083
41935022
41858992
41881353
41912685
41870741
41873764
41853729
41885713
41855583
41895653
41828503
41961925
41833276
41874154
41906266
41910300
41828503
41906223
41828503
41836369
41963004
41936720
41898053
41849223
41828503
41830114
41916978
41828503
41888016
41849349
41908025
41873720
41828503
41935375
41834791
41926358
41874691
41828503
41890935
41842955
41907878
41890130
41938483
41828503
41899773
41828503
41863789
42004212
41903832
42003811
41865992
41849349
41984349
41870646
41828503
41846612
41828503
41828503
41838392
42008202
41911035
41864736
41868272
41828503
41828503
41828503
41936243
41880184
41948339
41828503
41917389
41836821
41828503
41835329
41842177
41944101
41852810
41883532
41889202
41896089
41840548
41841486
41934475
41833997
41985000
41861448
41949793
41842680
41868898
41847769
41933176
41837027
41828503
41828503
41907943
41935774
41895795
41851565
41930400
41856364
41863999
41886665
41836524
41874975
41851075
41828503
41835329
41912630
41828503
41868065
41869741
41917741
41828503
41850347
41910300
41828503
41907220
41828503
41828503
41963478
41866797
41831413
41930843
41828503
41844714
41852365
41886346
41852971
41874968
41865356
41832618
41828503
41903832
41847030
41902825
41866797
41912896
41880542
41938410
41951179
41893978
41828503
41838194
41873194
41849740
41882767
41828503
41907943
41936671
41855583
41828503
41828503
41868277
41914890
41935481
41835934
41908493
41848765
41922585
41888073
41837027
41889568
41828503
41888521
41836812
41837798
41837930
41897524
41828503
41903877
41832318
41927706
41828503
41901165
41835330
41843263
41886891
41858721
41951439
41828503
41889568
41828503
41930219
41872984
41914059
41932144
41866797
41873469
41870298
41891381
41828503
41863789
41828503
41886891
41860591
41830839
41929391
41889337
41869811
41844359
41828503
41927521
41861974
41828503
41870220
41859146
41828503
41898884
42008430
41892086
41828503
41841409
41828503
41828503
41886251
41828503
41828503
41841414
41852971
41846777
41880450
41847769
41973537
41855316
41884745
41828503
41828503
41829545
41886693
41828503
41863045
41859478
41875121
41828503
41857854
41865383
41842955
41868058
41828503
41828503
41844359
41837212
41900028
41954947
41879448
41837317
41828503
41828503
41831622
41872688
41852771
41914548
41978291
41828503
41882840
41892567
