28241489
28241489
28247975
28320830
28254086
28241489
28414487
28254396
28241489
28325697
28297872
28241489
28333511
28241489
28241489
28241489
28297412
28344000
28265810
28267846
28299842
28446741
28318827
28316098
28241489
28287143
28271743
28241489
28322612
28241489
28252240
28302226
28241489
28277628
28241489
28241489
28245997
28435671
28331370
28319979
28324620
28241489
28287712
28241489
28241489
28304217
28282090
28277744
28280199
28283068
28276100
28295793
28251709
28286109
28241489
28298252
28241489
28284779
28261227
28330641
28305478
28256268
28241489
28241489
28241489
28327649
28326583
28241489
28279672
28249296
28270258
28275718
28271392
28241489
28276474
28370924
28283068
28241489
28241489
28281285
28301998
28275597
28241489
28265810
28284694
28241489
28389225
28302275
28257164
28397758
28241489
28241489
28241489
28241489
28241489
28241489
28241489
28272592
28241489
28241489
28241489
28265743
28337799
28241489
28263457
28241489
28264369
28392446
28241489
28297412
28241489
28383122
28330404
28241489
28241489
28241489
28294676
28241802
28241489
28275138
28259168
28252074
28282153
28259911
28295177
28241489
28340503
28241489
28339911
28284124
28265730
28358005
28255165
28241489
28241489
28283066
28306816
28380313
28316681
28241489
28328183
28280015
28297272
28241489
28290965
28241489
28477841
28310002
28241489
28292328
28241489
28305309
28251827
28241489
28264133
28241489
28262596
28377248
28262656
28241489
28241489
28241489
28257384
28242816
28241489
28271357
28267551
28241489
28241489
28251962
28262656
28241489
28272212
28241489
28257882
28242767
28282016
28386015
28241489
28327307
28290446
28241489
28276937
28241489
28389513
28323829
28285829
28305690
28264356
28299662
28364873
28241489
28402499
28241489
28272119
28301371
28254511
28269170
28241489
28251050
28255484
28241489
28322612
28300183
28297023
28251652
28242775
28336349
28330387
28266319
28241489
28241489
28241489
28263457
28263150
28349457
28288034
28241489
28241489
28241489
28314784
28268699
28253686
28241489
28241489
28241489
28270599
28293146
28388956
28241489
28368176
28241489
28259853
28249907
28241489
28276447
28241519
28249342
28241489
28290652
28364919
28448454
28241489
28241489
28241489
28295536
28278828
28331370
28270196
28294676
28241489
28245771
28242623
28241489
28241489
28241489
28280823
28421126
28245967
28313426
28276376
28308438
28241489
28290312
28354170
28274618
28241489
28307276
28242423
28241489
28547339
28344879
28499852
28241489
28270218
28294953
28241489
28370249
28241489
28306885
28261124
28241489
28280650
28241489
28241489
28260805
28241489
28285812
28301784
28242513
28281988
28301086
28295482
28382445
28241489
28241489
28323075
28241489
28300368
28241489
28324189
28241489
28294594
28241489
28309107
28241489
28241489
28259888
28241489
28284124
28268797
28299360
28292506
28291262
28320369
28241489
28270444
28335111
28241489
28392446
28241489
28241489
28241489
28243039
28241489
28280385
28281988
28291020
28340766
28350847
28257241
28269852
28501103
28287143
28257361
28294073
28341239
28306389
28384657
28261926
28241489
28292360
28241489
28302475
28277181
28253468
28241489
28241489
28282363
28283262
28288262
28287930
28251652
28241489
28253624
28280199
28276105
28241489
28241489
28241489
28290137
28423208
28283812
28266516
28241489
28241489
28241489
28267783
28310185
28250617
28271393
28311418
28284009
28261124
28377259
28366864
28261124
28241489
28280032
28241489
28279668
28371499
28246090
28271591
28343748
28276474
28241489
28304953
28241489
28309898
28355945
28241489
28295793
28241489
28259684
28286524
28241489
28351857
28336707
28241708
28281700
28317227
28241489
28242775
28325186
28241489
28266449
28241489
28324853
28249425
28294104
28256428
28266912
28241489
28340613
28299360
28252232
28278061
28241489
28241489
28259600
28262596
28353214
28347563
28241489
28241489
28277342
28283812
28242442
28251962
28370026
28302181
28320279
28287433
28458026
28241489
28241489
28271393
28271338
28263727
28393109
28241489
28241489
28311758
28241489
28284124
28241489
28245171
28276378
28283812
28241489
28241489
28241489
28386052
28241489
28241489
28241489
28277744
28311258
28241489
28241489
28271509
28265163
28296427
28241489
28331886
28294073
28243034
28248245
28241489
28273831
28388475
28350956
28241489
28281158
28241489
28268825
28241489
28241489
28393987
28257562
28283068
28241489
28253785
28254899
28241489
28308517
28305092
28303821
28265528
28335304
28386663
28281285
28293741
53076541
28287763
28294255
28245971
28242816
28339180
28331718
28355225
28304199
28241489
28241489
28287545
28326566
28381479
28312758
28308158
28454361
28251915
28241489
28241489
28241489
28266503
28292597
28274671
28241489
28241489
28257882
28323068
28241489
28290137
28241489
28278756
28241489
28257082
28247297
28241489
28257291
28280015
28417865
28241489
28329372
28241489
28243555
28241489
28241489
28241489
28245366
28241489
28283077
28306289
28241489
28273110
28293667
28284009
28280748
28252457
28241489
28257241
28326405
28317577
28247975
28247975
28247702
28298967
28241489
28282772
28314754
28261227
28259365
28349583
28241489
28241489
28241489
28280015
28241489
28269589
28275047
28310373
28332672
28290209
28259168
28261815
28286225
28241489
28241489
28254396
28316967
28394809
28282527
28322674
28250784
28241489
28308124
28277141
28241489
28264730
28355129
28241489
28252074
28292284
28241489
28335554
28241489
28309197
28241489
28286524
28259888
28305690
28285907
28280412
28244313
28285838
28299372
28241489
28392144
28241489
28282244
28329365
28241489
28284523
28352703
28241489
28270282
28373645
28335113
28402779
28246498
28476154
28304897
28334258
28244313
28241489
28267054
28267257
28306781
28241489
28297940
28395706
28241489
28243555
28241489
28385174
28296466
28287712
28311258
28294104
28307573
28294936
28241489
28329891
28241489
28319927
28254396
28241489
28285907
28247549
28290137
28398376
28255010
28253712
28271646
28287712
28281098
28326187
28241489
28353578
28290299
28388031
28308124
28276100
28322894
28241489
28378271
28241489
28384784
28362790
28241489
28299838
28290441
28403346
28241489
28309987
28268024
28253785
28319228
28304545
28245495
28241489
28325747
28254511
28241489
28287337
28241489
28316681
28241489
28252464
28268686
28241489
28265810
28294256
28241489
28264369
28241489
28241489
28241489
28263833
28358460
28315585
28306413
28376166
28241489
28308030
28264716
28290346
28241489
28291387
28311713
28267898
28241489
28245171
28344000
28241489
28242718
28280474
28241489
28241489
28390106
28309197
28272285
28241489
28241489
28328451
28243504
28241489
28327509
28242816
28241489
28241489
28265779
28241489
28309628
-1
28241489
28241489
28246239
28241489
28297923
28287083
28301370
28309161
28361087
28252825
28241489
28241489
28417865
28241489
28241489
28306781
28313410
28399359
28269852
28275138
28241489
28241489
28322034
28249907
28350403
28245118
28244557
28308972
28241489
28255495
28292592
28271417
28257361
28323312
28320652
28303680
28336122
28241489
28279658
28307044
28287763
28241489
28241489
28360469
28265092
28241489
28241489
28287705
28241489
28338161
28270181
28272976
28381479
28256621
28313144
28278504
28241489
28309416
28273664
28241489
28349923
28280761
28241489
28241489
28241489
28241489
28314627
28247129
28241489
28251207
28329691
28268877
28263078
28290446
28284629
28354659
28255630
28305499
28274108
28241489
28297023
28241489
28241489
28241489
28294104
28342624
28417768
28454487
28321130
28259600
28254511
28241489
28241489
28241489
28307049
28247638
28241489
28292538
28390837
28241489
28322248
28261815
28397165
28241489
28241489
28349969
28391478
28245868
28247495
28338543
28241489
28241489
28241489
28241489
28298809
28265925
28281098
28287355
28289983
28296909
28352450
28241489
28241489
28248151
28241489
28241489
28277036
28291643
28310128
28324340
28297240
28328016
28241489
28241489
28241489
28258859
28241489
28241489
28281098
28291643
28241489
28364371
28252950
28339652
28326763
28266374
28254629
28286524
28305451
28306816
28281988
28370026
28247494
28255558
28313206
28265925
28297830
28260271
28245118
28241489
28289567
28328215
28241489
28321651
28309628
28241489
28257361
28241489
28241489
28241489
28278228
28254209
28336185
28261227
28282600
28339180
28241489
28263457
28280761
28283737
28241489
28243649
28241489
28241489
28241489
28277744
28257082
28241489
28257657
28266187
28241489
28282572
28241489
28271180
28400404
28316022
28258625
28294073
28242775
28295599
28300155
28296909
28301547
28368666
28241489
28352540
28250375
28241489
28241489
28278914
28327249
28241489
28256513
28318374
28345655
28241489
28281133
28275138
28312596
28310770
28241489
28356528
28268522
28253626
28241489
28241489
28302973
28241489
28247549
28261124
28355431
28266027
28241489
28241489
28241489
28241489
28261124
28241489
28267521
28270479
28248885
28364678
28276474
28371499
28274671
28354533
28317227
28241489
28392446
28253898
28353361
28241489
28241489
28313668
28252353
28296637
28241489
28241489
28241489
28251050
28312596
28250877
28292359
28388956
28278228
28270479
28263705
28241489
28248424
28265779
28274823
28296466
28292718
28266839
28253234
28307879
28390097
28241489
28329614
28283812
28268712
28244678
28308028
28331342
28282572
28358308
28271338
28285838
28317212
28241489
28241489
28258206
28241489
28288157
28299549
28241489
28284616
28283080
28241489
28349399
28271180
28241489
28358212
28323075
28325875
28258859
28279914
28277774
28250227
28280099
28241489
28303680
28319745
28251827
28279952
28241489
28344879
28241489
28241489
28306009
28304123
28266187
28298967
28242784
28377100
28241489
28317569
28241489
28248787
28281490
28271180
28345802
28244678
28241489
28280748
28243504
28319241
28241489
28270181
28241489
28345709
28271127
28290137
28297923
28241489
28273831
28286266
28241489
28241489
28377684
28241489
28322429
28241489
28270569
28328237
28241489
28271592
28319293
28268024
28256024
28252464
28241489
28241489
28241489
28249317
28319927
28251703
28286604
28241489
28315559
28392446
28241489
28243687
28383147
28249317
28286524
28264685
28318840
28307623
28241489
28362714
28301997
28314420
28241489
28241489
28241489
28254511
28280015
28255558
28241489
28297122
28362238
28255597
28270802
28298697
28293505
28256675
28343174
28241489
28255943
28289584
28321694
28277744
28264831
28388113
28244683
28283068
28241489
28310984
28241489
28297857
28303095
28257385
28241489
28298809
28329536
28304855
28297122
28297467
28323075
28248424
28241489
28317538
28241489
28295305
28241489
28329132
28284800
28375608
28329197
28307019
28304866
28379365
28314305
28335715
28241489
28353960
28241489
28241489
28241489
28330641
28262596
28242361
28301563
28306597
28251827
28245991
28242452
28308218
28244096
28249907
28246014
28241489
28299662
28271180
28241489
28246667
28241489
28241489
28241489
28311239
28259168
28272976
28241489
28257241
28305174
28286604
28259157
28303680
28275718
28429412
28285907
28241489
28256574
28303404
28241489
28326797
28241489
28241489
28241489
28251220
28280667
28282686
28242231
28268877
28262596
28241489
28241489
28284063
28329614
28410076
28341680
28241489
28260235
28264499
28338297
28241489
28241489
28241489
28241489
28322674
28301086
28255597
28241489
28285727
28272976
28286225
28241489
28322414
28241489
28277744
28329731
28313380
28294953
28241489
28316787
28257379
28416452
28241489
28241489
28241489
28337988
28298736
28251779
28300037
28241489
28435397
28241489
28331165
28330283
28378271
28241489
28243039
28241489
28241489
28317525
28241489
28242361
28241489
28294104
28265092
28241489
28340617
28241489
28257241
28241489
28303680
28311178
28313983
28257379
28298399
28241489
28396795
28285838
28313363
28241489
28241489
28275637
28241489
28251373
28241489
28250586
28266697
28303390
28417865
28261909
28547339
28333912
28274671
28241489
28274835
28241489
28241489
28241489
28255562
28291014
28320130
28277817
28293095
28358212
28257299
28241489
28281228
28268274
28241489
28241489
28375504
28265779
28241489
28259202
28358308
28298558
28241489
28241489
28370734
28241489
28241489
28245101
28246090
28241489
28241489
28322618
28282244
28287143
28249423
28241489
28309777
28286886
28241489
28241489
28255558
28292360
28241489
28270444
28268877
28358815
28287006
28258625
28393431
28241489
28292360
28385027
28267898
28242231
28245059
28245941
28243527
28241489
28241489
28241549
28302275
28292900
28288034
28300106
28241489
28268211
28241489
28353551
28241489
28255010
28241489
28287433
28333216
28292560
28289573
28325396
28400930
28252074
28299439
28287355
28342610
28281700
28241489
28241489
28288847
28302226
28241489
28284058
28241489
28335715
28284124
28241489
28271717
28322261
28241489
28275360
28333728
28302275
28362830
28342610
28334651
28241489
28319979
28257241
28423772
28241489
28246419
28256048
28297923
28359476
28295305
28323075
28244678
28326310
28423772
28246014
28241489
28271020
28241489
28252541
28303361
28304589
28311706
28369271
28287143
28308028
28294255
28241489
28241489
28241489
28333356
28241489
28340631
28308028
28241489
28241489
28283033
28292360
28256024
28261926
28266912
28241489
28329414
28402779
28241489
28242775
28316996
28241489
28241489
28247975
28264133
28335809
28250586
28388405
28241489
28305172
28268797
28310964
28241489
28317907
28318586
28241489
28292156
28310557
28286225
28241489
28243039
28241489
28371499
28255247
28289936
28344792
28301784
28257379
28306059
28302907
28264694
28241489
28299298
28252989
28312009
28290209
28350847
28241489
28243555
28291108
28241489
28294073
28241489
28241489
28327857
28241489
28301551
28253588
28261227
28241489
28300435
28244269
28241489
28251074
28282527
28241489
28241489
28300183
28264356
28286225
28241489
28322674
28322382
28280573
28288083
28241489
28241489
28241489
28318070
28293146
28241489
28241489
28320428
28362081
28266514
28268674
28241489
28241489
28241489
28334182
28241489
28263833
28262596
28244678
28247735
28392446
28293095
28271641
28287763
28306781
28331169
28249913
28241489
28301924
28241489
28281098
28261124
28241489
28241489
28410393
28296637
28285056
28260718
28261240
28285222
28333189
28241489
28301284
28347211
28309197
28283812
28311706
28281416
28255484
28278228
28241489
28259888
28255597
28241489
28266458
28253785
28290784
28261870
28241489
28241489
28241489
28341558
28258859
28271392
28241489
28241489
28268024
28370109
28262005
28241489
28365803
28289135
28300023
28300655
28241489
28257021
28254338
28241489
28344212
28302275
28395741
28284629
28241489
28282656
28344591
28287923
28302990
28339466
28384911
28280650
28241489
28266514
28351680
28241489
28352450
28241489
28333153
28253712
28310976
28281285
28344879
28396049
28262596
28241489
28317461
28272296
28306584
28241489
28386902
28254983
28341059
28241489
28300655
28241489
28241489
28262596
28241489
28370026
28283596
28265925
28273721
28241489
28484856
28241489
28264646
28246090
28252989
28241489
28324340
28241489
28293483
28263833
28300155
28301629
28241489
28257596
28261182
28269802
28241489
28364919
28242784
28274618
28241489
28286886
28323902
28261227
28293953
28241489
28350069
28241489
28416452
28241489
28340512
28241489
28296637
28446292
28241489
28326407
28368666
28301370
28254209
28341323
28367521
28423772
28252013
28256438
28257241
28292570
28241489
28241489
28269157
28241489
28241489
28349262
28241489
28428297
28254899
28290543
28292616
28241489
28345985
28241489
28241489
28316872
28303680
28264133
28241489
28244557
28299384
28246357
28443073
28276480
28241489
28290312
28286199
28241489
28251554
28289936
28286886
28274926
28292732
28241489
28308333
28278228
28326405
28269643
28280199
28251207
28292675
28267879
28356802
28283384
28241489
28312360
28311258
28253797
28241489
28241489
28253013
28241489
28269647
28241489
28285838
28314420
28241489
28451375
28444134
28253712
28246419
28259168
28315805
28241489
28241489
28292630
28241489
28264147
28334016
28241489
28306430
28324802
28241489
28337799
28327230
28241489
28269010
28330387
28241489
28392446
28241489
28261124
28241489
28474652
28241489
28306662
28241489
28276024
28293095
28383352
28241489
28241489
28330081
28280199
28287491
28245843
28241489
28241489
28314635
28259633
28306781
28241489
28292570
28241489
28241489
28241489
28325921
28241855
28241489
28241489
28290137
28345365
28297023
28241489
28241489
28241489
28241489
28281775
28250837
28417768
28316636
28258996
28362645
28337792
28339339
28316689
28241489
28241489
28241489
28241489
28266912
28241489
28252464
28241489
28241489
28241489
28241489
28330570
28241489
28271180
28257379
28317606
28266319
28241489
28245868
28241489
28307140
28251531
28241489
28241489
28241489
28242231
28309161
28241489
28241489
28275908
28363709
28241489
28241489
28241489
28259365
28241489
28242485
28255562
28260271
28241489
28241489
28267846
28275138
28267898
28241489
28305174
28326405
28261926
28287355
28241489
28241489
28491061
28241489
28255165
28241489
28248245
28297122
28311424
28241489
28261124
28241489
28264888
28265779
28245101
28286604
28241489
28360760
28241489
28334773
28273792
28349325
28295056
28309161
28309392
28344455
28279251
28305643
28241489
28242485
28252989
28241489
28241489
28265589
28265743
28241489
28257299
28270191
28241489
28241489
28241489
28292630
28241489
28301784
28318229
28241489
28341850
28241489
28241489
28255247
28241489
28266912
28241489
28277342
28241489
28341113
28300606
28241489
28336465
28331855
28252240
28329731
28281285
28241489
28245997
28241489
28454214
28241489
28292592
28394780
28241489
28245941
28353214
28306040
28241489
28340347
28241489
28241489
28244552
28295659
28241489
28241489
28477214
28266602
28241489
28377263
28241489
28266503
28247975
28241489
28242217
28292675
28303680
28241489
28254511
28243034
28333914
28257361
28315155
28249990
28280474
28292570
28268797
28241489
28241489
28241489
28299662
28275597
28241489
28241489
28318827
28241489
28290999
28241489
28324450
28250065
28284694
28285174
28241489
28256438
28368231
28241489
28241489
28293146
28241489
28242058
28264634
28392152
28261815
28241489
28306597
28247702
28377100
28241489
28241489
28252123
28252828
28263139
28241489
28280748
