26855325
26938922
26855325
26855325
26920104
26946011
26863062
26855325
26855325
26885513
27001343
26855325
26949142
26895228
26871333
26855325
26925436
26877283
26855325
26855325
26902921
26871539
27077062
26961409
26855325
26877447
26886285
26936587
26932109
26855325
26901445
26937781
26865994
26855325
26933196
26855325
26966215
26874176
26855325
26873978
26879124
26855325
27239294
26899223
26855325
26914590
26855325
26979493
26950186
26867590
26881600
26855325
26924217
26984522
26917982
26855325
26855325
26855325
26878433
26895410
26871226
26991086
26909153
26938190
26874077
26898648
26855325
26855325
26933101
26868580
26884616
26859206
26889205
26855325
26855325
26855325
26855325
26864955
26918302
26931549
26894671
26906234
26907429
27030941
26988253
26862606
26898562
26937931
26855714
26855325
26869726
26907752
26855325
26933898
26969139
26880958
26919172
26855325
26933194
26855325
26915934
26926090
26922842
26899268
26999616
26855325
26952497
26915526
26855325
26855325
26855325
26934714
26855325
26855325
26899165
26895907
26855325
26965370
26932899
26855325
26855325
26887220
26855325
26908056
26855325
26878943
26950996
26873872
26913295
26918785
26858932
26907775
26929622
26913042
26930555
26965981
27037697
26932390
26855325
26877015
26855325
26879461
26863957
26868106
26941075
26864561
26933285
26877774
26938609
26915855
26890557
26899377
26907547
26855325
26855325
26913477
26906582
26855325
26855325
26855325
26895907
26861340
27005843
26855325
26911359
26952115
26974684
26863957
26877156
26889750
26855325
26897680
26901747
26947538
26939816
26855325
26963432
27069438
26855325
26906061
27008751
26950213
26935613
27014975
26912025
26855325
26855325
26855325
26855325
26855325
26855325
26855325
26898666
26895981
26855325
26855325
26894380
26928244
26922322
26992054
26855325
26938135
26906550
26855325
26908922
26968648
26855325
26933194
26855325
26889906
26855325
26870711
26871244
26855325
26907752
26855325
26920516
26855325
26878330
26855325
26855325
26930303
26902921
26980417
26855325
26949270
26855325
26878433
26855718
26855325
26930555
26919517
26884736
26878467
26921668
26907429
26855325
26886050
27006308
26950701
26855325
26911901
26889754
26855325
26982544
26894222
27005329
26941504
26955367
26913533
26909129
26918851
26855325
26855325
26861340
26932720
26855325
26855325
27028490
26859206
26916337
26968085
26855325
26855325
26877283
26856764
26855325
26954237
26867492
26860432
26964443
26862004
26967896
26884753
26887973
26934534
26952914
26930303
26932601
26897236
26855325
26917590
26912069
26855325
26855325
26933194
26855325
26858932
26963808
26873434
26889754
26855325
26864955
26904861
26855325
26930303
26855325
26956987
26855325
26929639
26855325
26995037
26855325
26977904
26894450
26892564
26855325
26855325
26915269
26855325
26945058
26969945
26912516
27004419
26947650
26900347
26952154
26855325
26855325
26855325
26878704
26923584
26871745
26938015
26879569
26899223
26900534
26855325
26889410
26855325
26883182
26892815
26914832
26950253
26919205
26950247
26903256
26920243
26886017
26943081
26877395
26932508
26868010
26885188
26855325
26876084
26878433
26855325
26855325
26900174
27029436
26855325
26950837
26855325
26951738
26894175
26858819
26886285
26871932
26885629
26929177
26855325
26935613
26912072
26921699
26863247
26855325
26868118
27054776
26855325
26889906
26855325
26855325
26895498
26880229
26897785
26855325
26855325
26855325
27006122
26855325
26877093
26998093
26855325
26855325
26924899
26937335
26857473
26858041
26905442
26938470
26927217
26855325
26866512
26873983
26855325
26906899
26895623
26867634
26994242
26889754
26947548
26863768
26855325
26855325
26855325
26914344
26906520
26855325
26867590
26855325
26903785
26855325
26875305
26986029
26883131
26857302
26979519
26855325
26882784
26882199
26931062
26907752
-1
26855325
26855325
26937234
26903669
26946301
26855325
26935056
26880981
26964443
26920507
26886050
26947616
26912072
26855325
26855325
26855325
26899223
26863984
26900130
26855325
26899377
26886285
26891345
26855363
26892223
26855711
26855325
26935469
26855325
26909592
26855325
26855325
26855325
26855325
26863955
26898666
26891326
26855325
26877925
26879757
26857674
27096405
26947587
26950834
26941081
26875363
26909488
26940833
26855325
26955219
27000597
26905871
26900748
26894175
26888776
26916088
26881456
26855325
26874415
26855325
26928449
27051511
26855325
26983411
26906117
26923256
26858985
26855325
26855325
26907429
26855325
26933422
26944267
26864191
26855325
26855325
26855325
26870964
26957689
26855325
26927546
26855325
26971426
26893769
26855325
26855325
26855325
27048796
26913123
26940454
26903785
26913414
26855325
26910900
27140312
26922546
26894850
26964462
27001601
26912882
26930184
26913533
26983411
26878330
26896711
26889906
26992951
26983850
26962988
26855325
26855325
26916467
26950438
26900603
26855325
26855325
26868010
27066960
26982235
26923465
26855325
26873434
26855325
26896124
27094249
26875357
26924014
26876535
26855325
26884252
26878312
26855325
26855325
26864955
26956081
26944413
26951738
26941976
26867268
26915635
26855325
26922842
26863886
26915950
27033830
26855325
26883672
26944023
26874638
26855325
26855325
26868574
26920046
26855325
26855325
26855325
26890520
26911520
26907702
26884375
26935056
26899377
26855325
26875357
26855325
26868580
26979924
26855325
26855325
26855325
26864191
26899158
26883926
26855325
26886573
26869829
26885229
26904216
26855325
26855325
26855325
26964894
26903086
26870711
26962539
26914618
26956414
26855325
26893759
26885788
26889050
26876535
27037530
26871484
26937751
26880452
26943599
26969812
26855325
26857473
26938565
26952154
26917511
26872164
26933813
26855325
26978397
26860623
26898889
26880971
26904637
26855325
26855325
26971602
26858503
26908251
26864613
26977826
26855325
26912395
26911718
26855325
26855325
26885120
26862852
26925840
26964462
26855325
26855325
27097511
27001388
26900130
26855325
26855325
26855325
26869829
26855325
26909592
26885130
26983798
26968071
26855325
26855325
26908847
26950438
26855325
26855325
26855325
26855325
26855325
27032314
26930606
26876084
26888123
26945401
26864754
26878743
26887410
26862606
26953909
26855325
26855325
26898097
26894697
26923350
26934521
26855325
26896741
26909592
26946690
26945426
26855325
26909777
26855325
26855325
26896080
26909434
26958321
26872408
26855718
26855325
26871245
26855325
26938013
26855325
26934270
26923216
26927949
26855325
26904888
26860623
26855325
26865119
26855325
26855325
26885629
26929622
26855325
26855325
26855325
26855325
26855325
26855325
26855325
26885972
26949326
26870964
26855325
26888758
26894143
26869404
27052161
26855325
26956123
26923295
26867753
26928356
26855325
26933054
26950274
26855325
26979253
26855325
26855325
26855325
26974166
26855325
26953658
26902953
26936455
26888125
26917981
26935345
26855325
26899152
26923424
26855325
26902553
26883393
26855325
26855325
26919345
26885359
26855325
26855325
26870860
26855325
26855325
26938013
26930825
26855325
26911161
26989972
26886678
26949104
26913936
26889260
26859303
26855325
26894380
27000710
26855325
26900433
26911520
26920847
26855325
26877093
26954309
26855325
26855325
26855325
26881083
26910574
26940999
26916736
26911091
26916834
26855325
26855325
26889786
26855325
26855325
26931324
26855325
27059982
26988243
26969186
26881585
26968562
26967896
26855325
26959458
26896124
26883672
26855325
26855325
26881083
26917732
26855325
26873892
26855325
26855325
26855325
26943449
27002547
26894526
26874256
26863768
26855325
26855325
26998729
26869746
26855325
26941179
27016547
26867148
26946109
26877395
26902883
26882991
26867898
26855325
26862852
26855325
26864754
27091395
26900174
26886017
26888204
26873872
26940699
26971343
26959458
26855325
26855325
26887736
26884252
26855325
26955239
26945527
26855325
26855325
26855325
27021373
26875762
26879995
26868010
26855325
26933101
26855325
26968761
26861857
26855325
27054916
26983563
26864191
26894154
26870927
26935935
26855325
26855325
26915573
26982339
26931721
26900104
26855325
26855325
26891470
26870969
27007526
26862852
26855325
26877923
26892564
26893630
26866241
26871226
26859932
26892499
26889645
26855325
26987107
26944788
26932899
26855325
26951256
26915442
26855325
26977862
26948610
26905442
26862004
26855325
26866583
26920507
26900534
26855325
26912072
26884375
26855325
26892499
26855325
26855325
26993269
26932982
26855325
26855325
26920243
26855325
26889248
26912578
27002047
26928168
26855325
26881600
26921337
26882784
26928806
26915079
26859206
26872731
26855325
26855325
26915563
26855325
26855325
26926015
26855325
26874511
26889645
26855325
26973610
26913414
26855325
26929815
26855325
26855325
26855325
26855325
26855325
26901625
27013555
26891644
26858385
26855325
26855325
26855325
26923931
26953123
26856703
26920243
26855325
26855325
26857302
26912160
26932899
26954599
26987611
26880338
26855325
26920243
26931961
27046651
26908251
26855325
26896968
26855325
26855325
26855325
26860479
26866747
26863955
27016213
26915079
26917056
26855325
26865994
26871224
26855325
26917514
26891459
26855325
26857674
26855325
26938568
26855325
26941705
26986431
26936493
26855325
26911161
26855325
26863984
26864869
26855325
26855325
26855325
26894929
26864948
26861857
26894026
26855325
26920847
26877774
26907542
26855325
26863957
26926989
26855325
26863984
26889906
26933101
26909434
26913295
26956385
26931656
26954871
26972812
26961011
26855325
26915195
26855325
26896711
26909592
26892223
27008396
26887699
26928147
26891470
26888205
26879995
26867426
26855325
26911066
26855325
26855325
26883926
26948401
26955367
26859206
26855325
26924899
26870969
26884616
26857674
26901625
26963817
26914023
26855325
26931901
26905858
26855325
26892564
26962366
26855325
26896689
26855325
26855325
26892196
27034114
26901625
26928475
26929183
26894320
26933422
26855325
26884306
26880526
27295168
26951018
26855325
26864613
26925487
26881083
26855325
26855325
26911901
26855325
26855325
26946557
26866003
26855325
26866130
26898235
26881270
26971129
26933538
26865994
27061336
26929381
26863984
26862004
26989962
26855325
26892624
26855325
26855325
26941705
26869213
26891326
26855325
26958595
26894042
26881600
26855325
26863886
26939614
26979240
26855325
27031403
26919858
26880452
26855325
26966215
26983979
26984957
26855325
26878015
26876492
26933771
26855325
26862004
26992951
26885181
26855325
26878538
26867283
26991321
26917182
26990860
26855325
26886768
26900968
26975188
26951571
26911728
26962831
26855325
26896166
26855325
26855325
26855325
26855325
26855325
26855325
26855325
26956316
26855325
26919015
26855325
26970295
26872176
26855325
26936008
26929926
26943318
27089476
26882464
26876313
26855325
26971780
27032314
26865208
26855325
26857473
26855325
26900368
26917050
26883353
26878158
26877420
26906234
26855325
26885130
26884753
26899768
26855325
26894418
26947650
26855325
26876492
26855325
26855325
26855325
26855325
26971977
26901184
26859186
26855325
26856195
26855325
26892511
26874859
26865994
26941456
26898666
26928973
26914243
26961193
26855325
26941641
26855325
26959605
26855325
26855325
27035963
26855325
26943537
26917590
26932899
26917182
26930606
26855771
26905858
26879849
26924019
26855325
26860432
26855325
26855325
26855325
26855325
26890669
26897882
26862852
26855325
26952154
26855325
26930606
26855325
26868106
26855325
26855325
26855325
26898235
26855325
26857733
26986990
27006624
26863957
27121029
26872263
26902563
26855325
26855325
26855325
26864191
26855325
26938898
27016791
26871245
26876572
26910409
26934491
26964462
26918082
26855325
26855325
26855325
26902553
26905099
26855325
26906520
26918785
26855325
26957429
26855325
26926781
26932022
27010409
26855325
26855325
27024791
26855325
26998499
26855325
26996185
26866512
26855325
26855325
26890520
26855325
26949350
26880452
26855325
26909488
26878330
26855325
26965370
26855325
26898270
26855325
26855325
26960015
26855325
26868580
26929622
26855325
26855325
26876131
26938565
26863957
26855325
26867426
26959480
26878312
26867898
26920632
26855325
26864323
26862004
26855325
26855325
26882991
26915203
27003754
26907392
26935380
26855325
26863984
26955898
26855325
26917182
26904314
26894697
26855325
26855325
26855325
26875357
26884375
26855325
26855325
26855325
26934320
26865994
26891757
26855325
26891459
26919973
26872164
26935732
26855617
26917870
26855325
26909153
26874176
26855325
26890403
26862866
26880229
27047308
26910007
26888776
26855325
26952497
26860691
26855325
26952914
26855325
26920844
26873892
26879995
26895526
26919033
26885130
26883182
26938505
26906582
26925065
26865119
26855771
26855325
26855325
26872636
26883704
26936493
26895562
26946897
26889906
26877536
26992622
26938190
26855325
26913615
26977146
26899438
26855325
26906899
26891470
26855325
26855325
26920632
27016201
26868635
26855325
26928870
26972812
26855325
26855325
26855325
26899377
26855325
26855325
26952115
26926632
26967522
26885049
26988253
26855325
26913615
26887258
26855325
26906273
26913708
26945571
26945571
26886849
26938051
26855325
26855325
26855325
26944931
26919021
26855325
26855325
26990443
26924039
26855325
26893050
26968648
26855325
26941538
26941456
26894841
26866241
26855325
26911145
26855325
26855325
26855325
26917870
26920847
26855325
26863955
26874721
26855325
26921699
26855325
26986127
26873275
26855325
26865994
26855325
26932720
26889632
27034527
26878743
26881955
26908960
26972431
26917078
27133126
26929005
26858061
26933538
26857905
26901143
26855325
26855325
26906273
26855325
26858680
26944462
26913533
26856535
26877015
26933522
26855325
26855325
26858932
26974376
26855325
27111056
26969672
26941641
26994932
26890403
26855325
26855325
26855325
26926989
26855325
26855325
26867590
26909777
26882784
26904637
26855325
26920859
26917989
26855325
26892624
26941718
26869726
26955592
26994042
26855363
26895971
26943898
26936690
26878704
26878158
26901625
26990202
26909377
26899223
26994370
27149888
26855325
26993292
27006878
26928475
26894042
26911094
26855325
26862398
26933331
26870066
26890520
26855325
26962366
26855325
26875762
26855325
26931091
26879001
26855325
26956385
26899223
26855325
27030926
26855325
26855325
26888639
26965252
26883482
26855325
26855325
27024786
26855325
27002648
26880338
26855325
26855325
26855325
26864191
26893653
26886017
26864191
26855325
26863957
26909814
26855325
26897882
26879849
26855325
26855325
26855325
26956803
26855325
26855325
26932601
26855325
26951856
26855325
26959464
26953480
26890403
26855325
26855325
26907392
26876084
26855325
26912371
26917590
26885229
26896728
26855325
26863957
26900104
26929011
26928475
26883182
26855325
26906688
26875357
26904314
26938746
26897093
26955061
26855711
26855325
26897680
26902443
26943649
26855325
26915079
26855325
26894856
26874311
26864003
26885972
26886285
26882784
26909777
26912269
26915079
26855325
26917542
26855325
26862044
27026705
26921312
26886546
26867426
26895228
26958240
26855325
26863863
26855325
26857833
26858457
26855325
26924838
26860623
26855325
26875357
26926632
26945055
26855325
26855325
26855325
26855325
26982241
26855325
26855325
26925436
26949061
26910496
26918945
26865788
26897731
26855325
26889713
26855325
26963729
26895485
26910524
26906048
26895971
26873983
26855325
26949942
26868856
26901625
26895907
26855325
26855325
26999685
26876738
26900536
26855325
26855325
26953683
26991321
26917960
26891863
26948172
26867492
26899779
26936265
26888125
26867492
27007027
26855325
27028580
26892828
26987152
26938755
26966459
26855325
26855325
26855325
26887220
26893630
26924317
26855325
26919608
26944173
26855325
26855325
26886536
26934534
27189153
26935357
26855325
26964443
27016557
26855325
26949365
26855325
26908251
27047894
26917590
26964462
26989972
27028063
26916605
26900536
26966677
26855325
26855325
26887932
26855325
26855325
26865994
26934308
26937134
26943024
26872230
26855325
26877774
26926015
26896048
26855325
26955889
26918302
26893772
26913477
26855325
26855325
26902883
26965233
26892955
26877923
26855325
26954098
26855325
26966490
26855325
26855325
26855325
26855325
27006781
26933813
26857833
26920507
26855325
26917590
26946897
26855325
26908198
26855325
26863984
26872263
26932853
26881727
26904071
26855617
26939184
26855325
26855325
26946599
26855325
26938013
26874256
26855325
26889906
26855325
26885788
26924582
26920243
27020854
26859206
26855325
26855325
26855325
26872805
27011709
26925432
26855325
26970295
26890502
26880526
26958079
26855325
26864955
26855325
26892223
26907563
26855325
26855325
26912825
26968048
26857302
26900536
26910900
26877395
26982544
26855325
26903709
26855325
26855325
26904595
26988253
26941456
26925436
26855325
26855325
26859477
26909129
27002047
26855325
26855325
26949169
26855325
26855325
26968087
26862004
26898303
26855325
26855325
26857527
26888639
26855325
26855325
26855325
26876492
26888739
26910524
26902221
26855325
26948610
26855325
26932853
26944103
26855325
26893304
26855325
26906550
26974654
26855325
26932508
26855325
26910524
26855325
26927046
26855325
26855325
26855325
26914785
26855325
26971960
26855325
26908523
26862004
26855325
26921699
26856195
26994662
26855325
26873275
26855325
26860479
26950808
26855325
27034342
26880919
26883664
26878634
26855325
26937662
26952096
26873872
26901420
26855325
26896927
26865068
26876131
26880526
26899975
26923424
26914801
26922758
26855325
26917514
26944103
26904275
26855325
26874313
26884252
26923680
26855325
26940052
27003004
26883182
26928163
27049224
26855325
26855325
26855325
26855325
26917423
26940754
26855325
26869484
26904049
26944788
26924930
26855325
26855325
26855325
26855325
27044146
26895748
26913805
26855325
26882465
26989288
26855325
27172849
26855325
26922146
26923785
26855325
26855325
26855325
26956774
26855325
26933554
26855325
26868010
26855325
26855325
26891863
26855718
26855325
26891580
26917514
26855325
26868758
26855325
26855325
26995037
26855325
26900822
26855325
26903785
26855325
26925436
27082141
26894917
26964894
26864613
26855325
26863984
26855325
26855325
26862398
26994114
27063702
26920243
26872176
26888204
26877131
26864948
