2150434
2182426
2156848
2239130
2202619
2194979
2150434
2150434
2150434
2196109
2276232
2169716
2198428
2161950
2252106
2150434
2191930
2150434
2150434
2150434
2150434
2286847
2194379
2189637
2276797
2305223
2150434
2178807
2291401
2344351
2152804
2204488
2229604
2150434
-1
2150434
2262910
2150434
2168719
2200798
2238837
2165743
2277343
2192447
2182932
2228010
2323376
2249387
2255019
2182426
2257977
2233212
2150434
2189637
2239130
2217402
2161950
2150434
2222892
2238837
2150434
2150434
2257977
2176544
2192282
2150434
2150434
2190580
2150434
2236018
2150434
2238736
2150434
2161523
2152904
2161950
2150434
2228004
2150434
2213661
2168719
2150434
2295611
2235104
2279890
2291924
2236018
2323512
2232593
2150434
2190580
2239130
2161950
2156848
2235363
2150434
2178914
2334025
2255019
2236498
