2117441
2117436
2127363
2240493
2187763
2154632
2127363
2231045
2117436
2117436
2135276
2117436
2135276
2186408
2186375
2127363
2200911
2249900
2117436
2141638
2201216
2186019
2158277
2147211
2146296
2117436
2156591
2135276
2124768
2185394
2117436
2183883
2117436
2199710
2271865
2117436
2224730
2117436
2184157
2127363
2127363
2127363
2170311
2141572
2210511
2166376
2171526
2186408
2117436
2178302
2133678
2117436
2130560
2130565
2170432
2117436
2124768
2243586
2141572
2214803
2141790
2127363
2141638
2178302
2135276
2141790
2185471
2117436
2186375
2201216
2172895
2167221
2117436
2157205
2117436
2181559
2117436
2124768
2251999
2122046
2134943
2312525
2127363
2161867
2117436
2133678
2141790
2141790
2201216
2138288
2171521
2117436
2133678
2156591
2178302
2146296
2166970
2156591
2117436
2240585
