41933869
42053885
41945092
42005183
41984913
41940380
41949997
41933869
41955523
41979846
42007997
41982744
41961721
41933869
41933869
42161131
41945440
42104305
41933869
41972807
41933869
41986071
41981318
42021476
42102201
41957575
41972571
41968257
41933869
41938041
41977613
41947563
42023617
41933869
42061964
41942792
41935962
41975419
41970713
41974958
41933869
41993032
41995233
41973493
41962524
42077738
41964926
41986122
41993480
42008035
41970086
41933869
41935113
42049398
41933869
41984215
42016023
42144179
42005411
42019188
41970152
41972249
42082509
42052950
41967209
41984478
42100237
41946272
41935058
41933869
42005046
41976247
42015958
41952523
41933869
41933869
41943867
42020550
41933869
41941540
41933869
41972861
41946272
41976978
42052986
41944000
41933869
41988857
41981564
41984963
41933869
41933869
41934846
42018055
42039372
41984366
41973406
41933869
41933869
41933869
41965259
41937934
41999717
41935962
42026149
41933869
41933869
41933869
41933869
41933869
42008254
41967731
41949744
41933869
42001427
41933869
41981048
41933869
41994327
42010808
42062612
41946671
41975717
42033125
41933869
42021719
41933869
42035743
41965563
42007024
41933869
41994831
42001463
41944603
41933869
41967301
41933869
41965435
41935113
41964882
41942363
41999790
41979595
41981207
42034078
42008365
41996270
41995743
41957473
41998798
42005483
41933869
41989696
41967594
41976072
42027906
41967235
42014563
41984128
41933869
41999334
41958807
41961429
41980199
41972347
41952523
42033745
42097536
42028186
41933869
41974958
42000823
41933869
41949552
41933869
42001463
42007997
41933869
42007997
42020550
41950403
41984882
41986155
42021449
42011756
42032634
41933869
41973018
41933869
41948480
41933869
41999658
41969540
42019575
41978181
41981048
41965561
41933869
41940953
42147817
41982593
41945092
42046450
42076408
41933869
42012437
41992761
41943110
41952640
41933869
41976416
42030824
42020390
41933869
41994480
41954672
41970086
42033906
42105306
41933869
42100136
41933869
41950826
41933869
41979605
41957137
42003795
42030686
41933869
41984784
42128496
41944934
41933869
41973406
41975631
41956065
42019891
42056228
41962434
41933869
41961047
41933869
41941904
41933869
42067632
42103226
41933869
41961462
42007024
41944000
41950284
41991706
42023870
41956932
42008816
41933869
41933869
42046141
41952876
41975198
41933869
41933869
41975198
42007096
41933869
42017726
41983082
42009537
41956932
41968253
41933869
41963298
41933869
41986155
42044066
41965985
41936878
41948429
41933869
42007314
41956447
41933869
42011846
41933869
41968253
41960639
41933869
41933869
41979605
41933869
41942363
41989302
41948478
42021992
41949997
42001564
41995259
41975198
42047689
41954053
41933869
41949635
41976695
41949997
41993476
42056412
41933869
41978231
41977010
41950888
41933869
41933869
41994480
42040848
41933869
41998800
41933869
41974672
41984266
41981687
42010352
42018349
41933869
41933869
42006604
41933869
42021449
41978287
41933869
42021430
41960534
41991733
41995259
41978812
42018613
41969217
41997500
41958798
42002079
42008624
42001773
41933869
41933869
42030682
41933869
41964953
42008035
42013182
42007850
41991502
41933869
41959425
42002601
42060392
41933869
41937689
41933869
42074772
42011769
42080570
41967182
41933869
41933869
41933869
41949997
42037520
41933869
41970460
41963388
41933869
41998237
41942796
41957326
41933869
42069190
41958246
41959051
41970394
41971365
41964233
42052048
41983082
42010587
42090267
41958769
41933869
42075872
41945813
41933869
42000000
41994487
41933869
41976783
42016692
41997193
42026516
41941756
42056152
41967426
41940408
41995660
41968665
41933869
41984913
41962590
41948803
42070179
41937294
42034758
41979625
41989294
41967209
41990709
41971125
41948803
41942383
41948203
42025944
41933869
41933869
42000313
41933869
41994498
41936868
41972002
41933869
41960576
42034193
41933869
41980482
42040732
42023607
41933869
41933869
41994016
41933869
42023879
41950826
41958565
42006728
42044500
42094152
41933869
41933869
41953475
41933869
42052238
41933869
41982790
41998765
41949635
41933869
41950826
41960799
42053252
42044500
41955429
41933869
41941540
41949997
41934552
41933869
41962858
42009316
41957297
42018091
42086709
41933869
41933869
41977010
41954785
41933869
41988296
42000225
42127137
41933869
41984350
41933869
41988191
41933869
41970475
41952280
42029821
42039611
41995355
41933869
41933869
42015701
41979823
41933869
42003045
42031671
41980855
42005866
41965435
42004280
41993034
41991571
42045725
41936218
41979619
42044823
41984332
41933869
41995020
41933869
41933869
42094306
42044500
42039462
41933869
42000994
41988135
42018557
41974954
41990738
41944603
41933869
41991351
41933869
41964926
41965881
41933869
41933869
41933869
41962457
41933869
41968319
41979450
41933869
42010352
41970195
41933869
42019161
41933869
42055106
41963857
41969217
41933869
41968319
41962174
41970660
41980859
41933869
41933869
41933869
42013901
41973018
42033416
41933869
41933869
41979619
42010573
41933869
42017667
42010065
41933869
41933869
41933869
41968737
42034302
42000533
41950152
41942207
41963857
41974233
41940408
42028460
41968973
41933869
41942559
41972667
41933869
41937934
42003458
42009766
41948088
41970653
41933869
42027347
42040732
42013182
42047689
41933869
41943500
41990662
41933869
41933869
41964233
42026723
41965418
41933869
42004912
41969870
41959051
41958769
41933869
42063290
41941565
41933869
42088217
41966442
42012563
41955640
41933869
41983366
41998571
41942559
42026235
41933869
41964204
41970254
41933869
42063019
41969036
41992249
41939926
41963581
42014434
42018517
41933869
42041624
41994498
42028743
41933869
42049183
41933869
42002964
41983791
41933869
41960168
41974672
42011846
41975419
41996431
41987326
42048787
41935577
41933869
41933869
41977122
41984366
41935962
41933869
42021449
41952523
41975198
42056772
42056772
41994480
42008940
41970660
42059230
41950888
41933869
41948803
41933869
42020550
41969427
41958304
41933869
41933869
41933869
41995259
41936960
41987329
41933869
41933869
41976726
41933869
41933869
41979100
41983915
42018937
41933869
42069044
41954784
42012170
41933869
42027347
41980161
41978030
41989206
41933869
41964953
41933869
41933869
41995414
41979450
42041702
41933869
41952523
42044011
41933869
41942363
41971633
41933869
41996395
41933869
41947515
42113107
42028422
41995230
42041533
41949632
41961588
41936118
41986155
41989302
41971026
41981048
41933869
41933869
42046263
41933869
41951926
42014588
42053013
42027423
41998548
41958565
41933869
41954647
42008372
42002601
42035743
42057637
41964335
41933869
42082134
42029072
41991716
41984076
41933869
42086806
41933869
41996393
41936218
41933869
42016266
41933869
41933869
41962174
41950896
41976840
41983711
41933869
42054084
41945149
42113870
41953734
41995472
42031737
41949997
41962590
42005085
41950403
41933869
41981048
42032571
41979823
41941904
42018173
41964826
41933869
42018055
42021519
41958811
41987456
41991502
41961462
41948668
41976695
41964233
41933869
41933869
41955778
42027694
41981207
41933869
41939926
41987450
41942559
41951335
41958253
41980859
41949744
41935113
42011756
41933869
41933869
41933869
42041702
41984474
41933869
41961047
41942207
41962449
41968032
41958769
42013545
41976726
42038164
41998571
41954766
41937294
41944000
41936797
42035637
41974952
41976634
41961036
41951006
41942202
41933869
42016266
41961374
42066883
41942363
41944603
42005183
42039916
42004877
41983539
42015621
41933869
41942049
41933869
41933869
41955323
41977124
41977471
41986071
41985989
41933869
42055476
42010870
41951663
41969645
41993744
41987728
41933869
41959478
41999965
41933869
41943028
41962960
41933869
42005599
41933869
42076544
41933869
42016522
41967162
41935268
41972659
42055257
41969217
41941393
41933869
41952090
41933869
42051921
42013182
42033585
41971125
41958574
41991400
41988191
41933869
41933869
41997714
41944047
41933869
41980497
41977987
41994204
42014414
41966115
41977124
41973744
42046904
41997484
41933869
42008816
41961196
42079672
42010808
41933869
41985989
41977176
42087028
41933869
41933869
42029302
41963892
41998548
41987501
42024992
42052348
42033644
41945440
42009316
41962721
41962050
42044807
42003842
41979625
41933869
42111458
41964593
41964233
41943229
42045851
41933869
41983586
42021155
42020257
42000225
41978262
42020600
42105068
42021971
41933869
41933869
41933869
41933869
41933869
41996569
42033284
42031671
41989592
41933869
42040591
41984882
41935962
41984366
41976072
41933869
41972564
42020425
41944235
41999717
41994326
42017726
41954932
41978867
42051817
41933869
41933869
42043945
41933869
41968253
41984366
41933869
41933869
41987312
41972564
42057945
42005183
42089850
41950403
41933869
41933869
41944603
41933869
42146125
42025336
41933869
41966572
41973058
41951006
42008816
41987741
41995729
41933869
41942796
41944603
41933869
41986071
42037459
41994787
42053705
41940408
41998571
41935962
42019140
42025663
41967594
41945092
41933869
41956845
42016266
41995660
42007874
41933869
41933869
42092352
41949787
42007427
42009873
41933869
41946272
41940380
42017489
41933869
41933869
41933869
42004558
41999300
41967330
42018948
42009248
41998091
41944259
42008796
41933869
41981497
42025167
42011362
41940408
41970195
42072085
42051193
41933869
42039483
41998975
41979322
42031964
41991733
41967978
41933869
41945777
42007293
42018385
42003183
41985410
41995903
42029261
41933869
41933869
42047404
41959052
41980859
41993432
42003833
41933869
41933869
41997058
41972659
41995230
41933869
41933869
41961374
41973591
42027295
41933869
41933869
41975172
42048060
41933869
41980859
41956475
41933869
42061001
41933869
41958565
41933869
41948803
41933869
41984474
41951006
41970399
41981665
41933869
41933869
41933869
42014872
41978107
41958246
41962174
41934552
41933869
41991733
41946272
41960639
41992593
41951663
42012865
41933869
42016503
42047285
41933869
41951663
42067961
42024358
41972797
41933869
41967209
41962524
41933869
41989227
41933869
42033125
41983683
41969540
41933869
41933869
41992780
41950761
41933869
41966285
41982723
41962706
41991426
41944928
41951900
42005621
41970176
41964926
42009724
41933869
41952523
41996801
42024992
41933869
41950520
42210797
41933869
41933869
41933869
41994487
42083831
41995790
42083222
41948478
41964926
42004592
41945813
41988066
41949997
42011810
41967594
41958253
41978231
41967209
42011248
42118074
41984366
41991426
41933869
41938808
41990710
42069628
41933869
41965418
41958574
41933869
41933869
41933869
42031845
41972179
41956224
41988032
42003932
42000000
41955523
41940408
42094692
41960168
41978856
42000533
41987184
41995636
41989291
41980482
41948803
41971125
42089304
41984887
41988137
41933869
42004981
42028422
41985989
41955640
42127903
41933869
42069424
41934734
41984427
41970549
41933869
42053516
41935962
41933869
41950149
41953507
41933869
41933869
41960586
41983082
42013182
42009542
41933869
41933869
41933869
41933869
42084311
41933869
41937345
41933869
41949552
41950888
41965888
41933869
41998548
41933869
42048607
41997337
41961821
41979450
41945660
41944828
42106800
41936868
42023519
41968559
42012453
41984352
42025689
41994487
41933869
41933869
41959827
41933869
41947565
41944603
42045074
41987681
42117631
42089733
41965127
41996908
41984686
42002778
41993004
41989696
41991426
42004566
42010352
42063290
41969217
41989302
41933869
42006671
41933869
42030405
41933869
41998654
41954053
41969211
41988198
41933869
41970790
41965858
41972002
41933869
41975844
41940408
41933869
41933869
41977674
42024747
42011620
41933869
41984882
41965888
41933869
42016094
42018475
41975586
41948786
41945092
41952280
41933869
42025475
41940408
41933869
42074048
41933869
42111734
41933869
41933869
41970655
42110437
41960902
41982593
41962960
42042767
42034631
42033284
42028515
41933869
41933869
41933869
41933869
41964926
41989881
41979450
42032420
41961036
42005863
42007960
41972659
42023607
42044374
41949744
42012857
42032113
41951698
41961052
41948803
42016504
41974260
41933869
41933869
41987741
41975144
42027127
42041724
42071585
41940953
42001230
42049848
41948786
41982705
41980134
41957130
41933869
42034078
41933869
41953927
41933869
41972002
41976762
41948803
41945196
41944259
42000937
42013482
41933869
41933869
42050765
41952609
42119106
41958438
41979322
42036302
41945149
42026040
41933869
41933869
41964204
42027347
41994789
42001230
41933869
41957575
41983784
41971458
41933869
41950152
42015172
41933869
42125339
41933869
42000788
41997484
42004566
42155014
41958003
41963301
42041702
41933869
41933869
42026269
41974958
42000189
42009956
42084311
41961374
41933869
41940130
41989649
42050555
41978654
41977478
41980482
41965563
41942831
41969361
41995397
41933869
41983972
42150927
41940408
41933869
41960639
42029329
41956845
41953952
41972249
42028900
41933869
42077152
41970190
42087737
41998955
41933869
41979478
41933869
41949997
41957846
41997883
42032443
42059230
42027940
41945660
42008816
42029573
41939926
41991336
42026380
41980859
41933869
41989762
41945660
41947184
42041409
41968480
41933869
42025475
41933869
42004566
41933869
41954672
41933869
41969489
41978181
41970941
41988294
41936878
42118771
41933869
41933869
42005901
42013864
41970935
42047747
41978856
41973666
41956376
41983134
42020680
41964593
41984784
41933869
41965972
42079209
41933869
42001412
41950425
41933869
41989302
41949997
41957137
41969918
41974291
41933869
41969427
41933869
42028630
42058240
41975631
42048685
41978137
42037459
41933869
42005621
41942559
41965435
42021992
41979823
42162922
41933869
41956518
42022761
42028422
41965881
41939366
41955323
41969491
41937936
41933869
41993434
41978856
42016314
41933869
41936779
42020505
41984487
42030570
41933869
41933869
41933869
42058218
42091687
41933869
41933869
41933869
41970715
41933869
41995163
41933869
41958433
41984224
42011362
41992633
42040531
42000730
41967731
42010808
42015387
41953036
41966214
42055542
42039083
42015422
41990756
41945411
41933869
41962859
42024359
41933869
42002016
41933869
41994222
41933869
42008490
41944928
41973810
41968929
41950403
41933869
42033205
42013856
41946436
41938229
41994437
41933869
41935962
41996305
42019123
41982344
42120110
41935268
41996819
41998571
42016826
41933869
41933869
41972002
42033730
42063608
42036567
42024747
41933869
42031126
41933869
42050536
41976031
41974260
42052139
41949744
42052310
41933869
42001854
41987201
42063648
41935962
42110119
41933869
41980612
42022841
41976072
41963983
41974954
42069065
42048811
41961047
41933869
42060079
41949421
41963483
42074009
41981687
41940408
41994498
42026568
42086545
42004981
41933869
41979384
41980859
41981048
42046159
41948088
42028940
42004732
41933869
41946999
42015485
41969691
41953255
41940953
41972102
41958992
41984474
42029573
41942559
41965259
41964119
41982591
41933869
41982633
41933869
41933869
41979595
41933869
41960628
41964926
41984881
41983082
42024362
42056228
41955731
41987308
42045662
41980650
41967330
41933869
42078613
41933869
41981048
42079380
42026714
41957215
41998571
41969540
41978231
41938610
41971824
42014862
41946436
42066428
41933869
41978639
41933869
41933869
42002321
42050014
41933869
41984723
41933869
41942559
41998654
41942363
42004574
41969427
41963857
41996658
41972413
41974954
41974233
42015485
41933869
41933869
41937934
42148990
41943867
41933869
41943185
41933869
42210452
41991716
41933869
41963483
41934734
41950250
42041876
42058514
41944303
41959945
41978856
42013182
41933869
41947563
41988294
42044030
41965435
41985546
41988030
42071941
41972564
41998930
41958807
41934954
42071704
41933869
41933869
41939817
41995355
42111881
41948803
41933869
42063791
41933869
41933869
41945660
41963097
42008702
41970086
42030230
41933869
42009873
41933869
41987400
41988066
41992976
41933869
41933869
41955640
41944475
41933869
41991336
41965418
41975365
41983113
41959425
42024747
41993480
41933869
41992633
41969211
42022747
41992226
41965881
41933869
41948286
41976783
41945511
42081389
42012818
41975419
41933869
42003305
42016017
41952876
41983722
41933869
41946272
41953036
41935962
41944603
41933869
42033435
41933869
42016075
41933869
42018215
42056772
42028981
41972249
41980776
41965858
41980516
42009456
41951006
41957244
41933869
41996339
41996908
41956845
41974260
41950010
42055633
41977108
41945440
42040094
42007599
41998571
42060049
41975180
42021079
41935962
41960556
41969361
41952523
41956376
42090157
41942207
41933869
42050157
41982994
41933869
41933869
41944928
42015574
41933869
42018148
41947563
41933869
41933869
41933869
42039809
41940408
41934540
41945813
41933869
41971084
42082319
41952609
41933869
41943229
41990164
41945813
42105394
42013794
41933869
41933869
42031155
41945149
42007997
42007096
42000000
41967731
41944259
41967330
41984881
41996908
41999790
41981687
42033906
41994928
42094152
42068203
41990164
41995259
41933869
42057583
42000889
41934954
42006872
42028743
42075229
41968989
42001879
41933869
42027852
42003815
42032424
41987450
42013401
41933869
41933869
41940408
41933869
41970195
41933869
41933869
41933869
41980886
41968319
41940623
42048193
41984688
41944603
42003900
42031964
42084311
41998930
41933869
41933869
41992780
42021114
41956224
41998768
41972843
42027827
41986282
41981681
41933869
41948400
41933869
42007599
42004732
42054367
41933869
41948112
42009543
42047404
41972002
41992976
41987456
41967133
41941904
41933869
42080043
41933869
41933869
41984354
41984366
42059611
42038122
41933869
42064702
41947718
42005835
41999717
42025940
41933869
42036535
41954647
41933869
41958574
41965899
41933869
41999469
41970173
41933869
41933869
41976783
42018517
41933869
42022696
41960586
41934846
41933869
41983761
41959827
41933869
42007629
41948063
41933869
41968148
41960168
41933869
41936779
41942383
41933869
42015433
42003304
41933869
41933869
41933869
41933869
41983791
42040929
42000225
42011777
42043867
42070898
42003016
42017179
41933869
42094632
41933869
41946999
41979384
41952609
41958565
41992633
41933869
41948203
41984983
41935962
42006888
41953507
41933869
41933869
42004592
41991492
42034847
41963483
41939917
41953668
41941639
41933869
41982723
