1473700
1459097
-1
1459097
-1
1571089
1555616
1582219
1504427
1462650
1536676
1459097
1459097
2728456
1473700
1459097
1473700
2708855
1579168
1459097
1494706
1504427
1508719
1521637
1571089
1459097
1478587
1459097
1491346
1566967
1475732
1459097
1653843
1544652
1459097
1459097
1459097
1478587
1507980
1460140
1504427
1459097
1459097
1486740
1579168
1577882
1477508
1459097
1459097
1565806
1613065
1486000
1486740
1471284
1475732
1486740
1459097
1459097
1557188
1554562
1572132
1506885
1459097
1581435
1511515
1459097
1486000
1459097
1459097
1531330
1460140
1459097
1475882
1544128
1459097
1492310
1512713
1491346
1506885
1582056
1460140
1473788
2708855
1549280
1526853
1459097
1521637
1477508
1612257
1471284
1624153
1459097
1569208
1486479
1459097
1459097
1459097
1549594
-1
1612257
